<?xml version="1.0" encoding="UTF-8"?>
<!-- Generated by org.testng.reporters.JUnitXMLReporter -->
<testsuite ignored="0" hostname="JAY-PC" failures="3" tests="9" name="Test" time="0.172" errors="0" timestamp="2022-12-30T21:16:02 IST">
  <testcase classname="TestNG.TestNG4" name="createCustomer" time="0.034">
    <failure type="java.lang.AssertionError" message="null">
      <![CDATA[java.lang.AssertionError: null
at TestNG.TestNG4.createCustomer(TestNG4.java:10)
at java.base/java.util.ArrayList.forEach(ArrayList.java:1511)
... Removed 27 stack frames]]>
    </failure>
  </testcase> <!-- createCustomer -->
  <testcase classname="TestNG.TestNG4" name="deleteCustomer" time="0.004">
    <failure type="java.lang.AssertionError" message="null">
      <![CDATA[java.lang.AssertionError: null
at TestNG.TestNG4.deleteCustomer(TestNG4.java:20)
at java.base/java.util.ArrayList.forEach(ArrayList.java:1511)
... Removed 27 stack frames]]>
    </failure>
  </testcase> <!-- deleteCustomer -->
  <testcase classname="TestNG.TestNG4" name="modifyCustomer" time="0.001">
    <failure type="java.lang.AssertionError" message="null">
      <![CDATA[java.lang.AssertionError: null
at TestNG.TestNG4.modifyCustomer(TestNG4.java:15)
at java.base/java.util.ArrayList.forEach(ArrayList.java:1511)
... Removed 27 stack frames]]>
    </failure>
  </testcase> <!-- modifyCustomer -->
  <testcase classname="TestNG.TestNG5" name="createProject" time="0.004"/>
  <testcase classname="TestNG.TestNG5" name="deleteProject" time="0.002"/>
  <testcase classname="TestNG.TestNG5" name="modifyProject" time="0.003"/>
  <testcase classname="TestNG.TestNG6" name="createFile" time="0.003"/>
  <testcase classname="TestNG.TestNG6" name="deleteFile" time="0.003"/>
  <testcase classname="TestNG.TestNG6" name="modifyFile" time="0.002"/>
</testsuite> <!-- Test -->
